<?xml version="1.0" encoding="UTF-8"?>
<!-- Generated by org.testng.reporters.JUnitXMLReporter -->
<testsuite ignored="0" hostname="DESKTOP-B8HKU4T" failures="0" tests="3" name="Regression" time="52.56" errors="0" timestamp="2023-03-06T13:42:49 PST">
  <testcase classname="com.shopping.TestCases.HomepaggeTest" name="verifyPageTitle" time="0.042"/>
  <testcase classname="com.shopping.TestCases.HomepaggeTest" name="verifyhomePagelanding" time="0.221"/>
  <testcase classname="com.shopping.TestCases.loginTest" name="varifyvalidlogin" time="6.366"/>
</testsuite> <!-- Regression -->
