<?xml version="1.0" encoding="UTF-8"?>
<testng-results ignored="0" total="3" passed="3" failed="0" skipped="0">
  <reporter-output>
  </reporter-output>
  <suite started-at="2023-03-06T13:41:56 PST" name="Suite" finished-at="2023-03-06T13:42:49 PST" duration-ms="52560">
    <groups>
    </groups>
    <test started-at="2023-03-06T13:41:56 PST" name="Regression" finished-at="2023-03-06T13:42:49 PST" duration-ms="52560">
      <class name="com.shopping.TestCases.HomepaggeTest">
        <test-method is-config="true" signature="setup()[pri:0, instance:com.shopping.TestCases.HomepaggeTest@4d465b11]" started-at="2023-03-06T13:41:56 PST" name="setup" finished-at="2023-03-06T13:42:13 PST" duration-ms="16846" status="PASS">
          <reporter-output>
          </reporter-output>
        </test-method> <!-- setup -->
        <test-method signature="verifyPageTitle()[pri:0, instance:com.shopping.TestCases.HomepaggeTest@4d465b11]" started-at="2023-03-06T13:42:13 PST" name="verifyPageTitle" finished-at="2023-03-06T13:42:13 PST" duration-ms="42" status="PASS">
          <reporter-output>
          </reporter-output>
        </test-method> <!-- verifyPageTitle -->
        <test-method is-config="true" signature="teardown()[pri:0, instance:com.shopping.TestCases.HomepaggeTest@4d465b11]" started-at="2023-03-06T13:42:13 PST" name="teardown" finished-at="2023-03-06T13:42:14 PST" duration-ms="777" status="PASS">
          <reporter-output>
          </reporter-output>
        </test-method> <!-- teardown -->
        <test-method is-config="true" signature="setup()[pri:0, instance:com.shopping.TestCases.HomepaggeTest@4d465b11]" started-at="2023-03-06T13:42:14 PST" name="setup" finished-at="2023-03-06T13:42:26 PST" duration-ms="11857" status="PASS">
          <reporter-output>
          </reporter-output>
        </test-method> <!-- setup -->
        <test-method signature="verifyhomePagelanding()[pri:1, instance:com.shopping.TestCases.HomepaggeTest@4d465b11]" started-at="2023-03-06T13:42:26 PST" name="verifyhomePagelanding" finished-at="2023-03-06T13:42:26 PST" duration-ms="221" status="PASS">
          <reporter-output>
          </reporter-output>
        </test-method> <!-- verifyhomePagelanding -->
        <test-method is-config="true" signature="teardown()[pri:0, instance:com.shopping.TestCases.HomepaggeTest@4d465b11]" started-at="2023-03-06T13:42:26 PST" name="teardown" finished-at="2023-03-06T13:42:27 PST" duration-ms="631" status="PASS">
          <reporter-output>
          </reporter-output>
        </test-method> <!-- teardown -->
      </class> <!-- com.shopping.TestCases.HomepaggeTest -->
      <class name="com.shopping.TestCases.loginTest">
        <test-method is-config="true" signature="setup()[pri:0, instance:com.shopping.TestCases.loginTest@6e0f5f7f]" started-at="2023-03-06T13:42:27 PST" name="setup" finished-at="2023-03-06T13:42:42 PST" duration-ms="15176" status="PASS">
          <reporter-output>
          </reporter-output>
        </test-method> <!-- setup -->
        <test-method signature="varifyvalidlogin()[pri:0, instance:com.shopping.TestCases.loginTest@6e0f5f7f]" started-at="2023-03-06T13:42:42 PST" name="varifyvalidlogin" finished-at="2023-03-06T13:42:48 PST" duration-ms="6366" status="PASS">
          <reporter-output>
          </reporter-output>
        </test-method> <!-- varifyvalidlogin -->
        <test-method is-config="true" signature="teardown()[pri:0, instance:com.shopping.TestCases.loginTest@6e0f5f7f]" started-at="2023-03-06T13:42:48 PST" name="teardown" finished-at="2023-03-06T13:42:49 PST" duration-ms="536" status="PASS">
          <reporter-output>
          </reporter-output>
        </test-method> <!-- teardown -->
      </class> <!-- com.shopping.TestCases.loginTest -->
    </test> <!-- Regression -->
  </suite> <!-- Suite -->
</testng-results>
